{"name":"hexo","hostname":"DESKTOP-Q5DN3VM","pid":10408,"level":20,"msg":"Hexo version: \u001b[35m3.3.1\u001b[39m","time":"2017-04-08T03:32:24.660Z","v":0}
{"name":"hexo","hostname":"DESKTOP-Q5DN3VM","pid":10408,"level":20,"msg":"Working directory: \u001b[35mE:\\codeRepository\\github\\website\\\u001b[39m","time":"2017-04-08T03:32:24.660Z","v":0}
{"name":"hexo","hostname":"DESKTOP-Q5DN3VM","pid":10408,"level":20,"msg":"Config loaded: \u001b[35mE:\\codeRepository\\github\\website\\_config.yml\u001b[39m","time":"2017-04-08T03:32:25.035Z","v":0}
{"name":"hexo","hostname":"DESKTOP-Q5DN3VM","pid":10408,"level":20,"msg":"Plugin loaded: \u001b[35mhexo-algolia\u001b[39m","time":"2017-04-08T03:32:25.129Z","v":0}
{"name":"hexo","hostname":"DESKTOP-Q5DN3VM","pid":10408,"level":20,"msg":"Plugin loaded: \u001b[35mhexo-generator-archive\u001b[39m","time":"2017-04-08T03:32:25.145Z","v":0}
{"name":"hexo","hostname":"DESKTOP-Q5DN3VM","pid":10408,"level":20,"msg":"Plugin loaded: \u001b[35mhexo-generator-category\u001b[39m","time":"2017-04-08T03:32:25.145Z","v":0}
{"name":"hexo","hostname":"DESKTOP-Q5DN3VM","pid":10408,"level":20,"msg":"Plugin loaded: \u001b[35mhexo-generator-tag\u001b[39m","time":"2017-04-08T03:32:25.145Z","v":0}
{"name":"hexo","hostname":"DESKTOP-Q5DN3VM","pid":10408,"level":20,"msg":"Plugin loaded: \u001b[35mhexo-generator-index\u001b[39m","time":"2017-04-08T03:32:25.160Z","v":0}
{"name":"hexo","hostname":"DESKTOP-Q5DN3VM","pid":10408,"level":20,"msg":"Plugin loaded: \u001b[35mhexo-renderer-ejs\u001b[39m","time":"2017-04-08T03:32:25.160Z","v":0}
{"name":"hexo","hostname":"DESKTOP-Q5DN3VM","pid":10408,"level":20,"msg":"Plugin loaded: \u001b[35mhexo-renderer-marked\u001b[39m","time":"2017-04-08T03:32:25.191Z","v":0}
{"name":"hexo","hostname":"DESKTOP-Q5DN3VM","pid":10408,"level":20,"msg":"Plugin loaded: \u001b[35mhexo-renderer-stylus\u001b[39m","time":"2017-04-08T03:32:25.191Z","v":0}
{"name":"hexo","hostname":"DESKTOP-Q5DN3VM","pid":10408,"level":20,"msg":"Plugin loaded: \u001b[35mhexo-server\u001b[39m","time":"2017-04-08T03:32:25.379Z","v":0}
{"name":"hexo","hostname":"DESKTOP-Q5DN3VM","pid":10408,"level":20,"msg":"Script loaded: \u001b[35mthemes\\next\\scripts\\tags\\button.js\u001b[39m","time":"2017-04-08T03:32:25.379Z","v":0}
{"name":"hexo","hostname":"DESKTOP-Q5DN3VM","pid":10408,"level":20,"msg":"Script loaded: \u001b[35mthemes\\next\\scripts\\merge-configs.js\u001b[39m","time":"2017-04-08T03:32:25.395Z","v":0}
{"name":"hexo","hostname":"DESKTOP-Q5DN3VM","pid":10408,"level":20,"msg":"Script loaded: \u001b[35mthemes\\next\\scripts\\merge.js\u001b[39m","time":"2017-04-08T03:32:25.410Z","v":0}
{"name":"hexo","hostname":"DESKTOP-Q5DN3VM","pid":10408,"level":20,"msg":"Script loaded: \u001b[35mthemes\\next\\scripts\\tags\\center-quote.js\u001b[39m","time":"2017-04-08T03:32:25.410Z","v":0}
{"name":"hexo","hostname":"DESKTOP-Q5DN3VM","pid":10408,"level":20,"msg":"Script loaded: \u001b[35mthemes\\next\\scripts\\tags\\exturl.js\u001b[39m","time":"2017-04-08T03:32:25.410Z","v":0}
{"name":"hexo","hostname":"DESKTOP-Q5DN3VM","pid":10408,"level":20,"msg":"Script loaded: \u001b[35mthemes\\next\\scripts\\tags\\full-image.js\u001b[39m","time":"2017-04-08T03:32:25.410Z","v":0}
{"name":"hexo","hostname":"DESKTOP-Q5DN3VM","pid":10408,"level":20,"msg":"Script loaded: \u001b[35mthemes\\next\\scripts\\tags\\group-pictures.js\u001b[39m","time":"2017-04-08T03:32:25.410Z","v":0}
{"name":"hexo","hostname":"DESKTOP-Q5DN3VM","pid":10408,"level":20,"msg":"Script loaded: \u001b[35mthemes\\next\\scripts\\tags\\note.js\u001b[39m","time":"2017-04-08T03:32:25.410Z","v":0}
{"name":"hexo","hostname":"DESKTOP-Q5DN3VM","pid":10408,"level":20,"msg":"Loading database.","time":"2017-04-08T03:32:25.441Z","v":0}
{"name":"hexo","hostname":"DESKTOP-Q5DN3VM","pid":10408,"level":30,"msg":"Start processing","time":"2017-04-08T03:32:25.551Z","v":0}
{"name":"hexo","hostname":"DESKTOP-Q5DN3VM","pid":10408,"level":20,"msg":"Processed: \u001b[35m_posts/hello-world.md\u001b[39m","time":"2017-04-08T03:32:25.707Z","v":0}
{"name":"hexo","hostname":"DESKTOP-Q5DN3VM","pid":10408,"level":20,"msg":"Theme config loaded.","time":"2017-04-08T03:32:25.848Z","v":0}
{"name":"hexo","hostname":"DESKTOP-Q5DN3VM","pid":10408,"level":20,"msg":"Processed: \u001b[35m_config.yml\u001b[39m","time":"2017-04-08T03:32:25.848Z","v":0}
{"name":"hexo","hostname":"DESKTOP-Q5DN3VM","pid":10408,"level":20,"msg":"Processed: \u001b[35msource/css/main.styl\u001b[39m","time":"2017-04-08T03:32:25.848Z","v":0}
{"name":"hexo","hostname":"DESKTOP-Q5DN3VM","pid":10408,"level":20,"msg":"Processed: \u001b[35msource/images/algolia_logo.svg\u001b[39m","time":"2017-04-08T03:32:25.848Z","v":0}
{"name":"hexo","hostname":"DESKTOP-Q5DN3VM","pid":10408,"level":20,"msg":"Processed: \u001b[35msource/images/avatar.gif\u001b[39m","time":"2017-04-08T03:32:25.848Z","v":0}
{"name":"hexo","hostname":"DESKTOP-Q5DN3VM","pid":10408,"level":20,"msg":"Processed: \u001b[35msource/images/cc-by-nc-nd.svg\u001b[39m","time":"2017-04-08T03:32:25.863Z","v":0}
{"name":"hexo","hostname":"DESKTOP-Q5DN3VM","pid":10408,"level":20,"msg":"Processed: \u001b[35msource/images/cc-by-nc-sa.svg\u001b[39m","time":"2017-04-08T03:32:25.863Z","v":0}
{"name":"hexo","hostname":"DESKTOP-Q5DN3VM","pid":10408,"level":20,"msg":"Processed: \u001b[35msource/images/cc-by-nc.svg\u001b[39m","time":"2017-04-08T03:32:25.863Z","v":0}
{"name":"hexo","hostname":"DESKTOP-Q5DN3VM","pid":10408,"level":20,"msg":"Processed: \u001b[35msource/images/cc-by-nd.svg\u001b[39m","time":"2017-04-08T03:32:25.863Z","v":0}
{"name":"hexo","hostname":"DESKTOP-Q5DN3VM","pid":10408,"level":20,"msg":"Processed: \u001b[35msource/images/cc-by-sa.svg\u001b[39m","time":"2017-04-08T03:32:25.863Z","v":0}
{"name":"hexo","hostname":"DESKTOP-Q5DN3VM","pid":10408,"level":20,"msg":"Processed: \u001b[35msource/images/cc-by.svg\u001b[39m","time":"2017-04-08T03:32:25.863Z","v":0}
{"name":"hexo","hostname":"DESKTOP-Q5DN3VM","pid":10408,"level":20,"msg":"Processed: \u001b[35msource/images/cc-zero.svg\u001b[39m","time":"2017-04-08T03:32:25.863Z","v":0}
{"name":"hexo","hostname":"DESKTOP-Q5DN3VM","pid":10408,"level":20,"msg":"Processed: \u001b[35msource/images/header.jpg\u001b[39m","time":"2017-04-08T03:32:25.863Z","v":0}
{"name":"hexo","hostname":"DESKTOP-Q5DN3VM","pid":10408,"level":20,"msg":"Processed: \u001b[35msource/images/loading.gif\u001b[39m","time":"2017-04-08T03:32:25.863Z","v":0}
{"name":"hexo","hostname":"DESKTOP-Q5DN3VM","pid":10408,"level":20,"msg":"Processed: \u001b[35msource/images/placeholder.gif\u001b[39m","time":"2017-04-08T03:32:25.863Z","v":0}
{"name":"hexo","hostname":"DESKTOP-Q5DN3VM","pid":10408,"level":20,"msg":"Processed: \u001b[35msource/images/quote-l.svg\u001b[39m","time":"2017-04-08T03:32:25.863Z","v":0}
{"name":"hexo","hostname":"DESKTOP-Q5DN3VM","pid":10408,"level":20,"msg":"Processed: \u001b[35msource/images/quote-r.svg\u001b[39m","time":"2017-04-08T03:32:25.863Z","v":0}
{"name":"hexo","hostname":"DESKTOP-Q5DN3VM","pid":10408,"level":20,"msg":"Processed: \u001b[35msource/images/searchicon.png\u001b[39m","time":"2017-04-08T03:32:25.863Z","v":0}
{"name":"hexo","hostname":"DESKTOP-Q5DN3VM","pid":10408,"level":20,"msg":"Processed: \u001b[35mlayout/_layout.swig\u001b[39m","time":"2017-04-08T03:32:26.223Z","v":0}
{"name":"hexo","hostname":"DESKTOP-Q5DN3VM","pid":10408,"level":20,"msg":"Processed: \u001b[35mlayout/archive.swig\u001b[39m","time":"2017-04-08T03:32:26.223Z","v":0}
{"name":"hexo","hostname":"DESKTOP-Q5DN3VM","pid":10408,"level":20,"msg":"Processed: \u001b[35mlayout/category.swig\u001b[39m","time":"2017-04-08T03:32:26.223Z","v":0}
{"name":"hexo","hostname":"DESKTOP-Q5DN3VM","pid":10408,"level":20,"msg":"Processed: \u001b[35mlayout/index.swig\u001b[39m","time":"2017-04-08T03:32:26.223Z","v":0}
{"name":"hexo","hostname":"DESKTOP-Q5DN3VM","pid":10408,"level":20,"msg":"Processed: \u001b[35mlayout/page.swig\u001b[39m","time":"2017-04-08T03:32:26.223Z","v":0}
{"name":"hexo","hostname":"DESKTOP-Q5DN3VM","pid":10408,"level":20,"msg":"Processed: \u001b[35mlayout/post.swig\u001b[39m","time":"2017-04-08T03:32:26.223Z","v":0}
{"name":"hexo","hostname":"DESKTOP-Q5DN3VM","pid":10408,"level":20,"msg":"Processed: \u001b[35mlayout/schedule.swig\u001b[39m","time":"2017-04-08T03:32:26.223Z","v":0}
{"name":"hexo","hostname":"DESKTOP-Q5DN3VM","pid":10408,"level":20,"msg":"Processed: \u001b[35mlayout/tag.swig\u001b[39m","time":"2017-04-08T03:32:26.223Z","v":0}
{"name":"hexo","hostname":"DESKTOP-Q5DN3VM","pid":10408,"level":20,"msg":"Processed: \u001b[35mlanguages/en.yml\u001b[39m","time":"2017-04-08T03:32:26.238Z","v":0}
{"name":"hexo","hostname":"DESKTOP-Q5DN3VM","pid":10408,"level":20,"msg":"Processed: \u001b[35mlanguages/de.yml\u001b[39m","time":"2017-04-08T03:32:26.238Z","v":0}
{"name":"hexo","hostname":"DESKTOP-Q5DN3VM","pid":10408,"level":20,"msg":"Processed: \u001b[35mlanguages/default.yml\u001b[39m","time":"2017-04-08T03:32:26.238Z","v":0}
{"name":"hexo","hostname":"DESKTOP-Q5DN3VM","pid":10408,"level":20,"msg":"Processed: \u001b[35mlanguages/fr-FR.yml\u001b[39m","time":"2017-04-08T03:32:26.238Z","v":0}
{"name":"hexo","hostname":"DESKTOP-Q5DN3VM","pid":10408,"level":20,"msg":"Processed: \u001b[35mlanguages/id.yml\u001b[39m","time":"2017-04-08T03:32:26.238Z","v":0}
{"name":"hexo","hostname":"DESKTOP-Q5DN3VM","pid":10408,"level":20,"msg":"Processed: \u001b[35mlanguages/ja.yml\u001b[39m","time":"2017-04-08T03:32:26.238Z","v":0}
{"name":"hexo","hostname":"DESKTOP-Q5DN3VM","pid":10408,"level":20,"msg":"Processed: \u001b[35mlanguages/ko.yml\u001b[39m","time":"2017-04-08T03:32:26.238Z","v":0}
{"name":"hexo","hostname":"DESKTOP-Q5DN3VM","pid":10408,"level":20,"msg":"Processed: \u001b[35mlanguages/pt-BR.yml\u001b[39m","time":"2017-04-08T03:32:26.238Z","v":0}
{"name":"hexo","hostname":"DESKTOP-Q5DN3VM","pid":10408,"level":20,"msg":"Processed: \u001b[35mlanguages/pt.yml\u001b[39m","time":"2017-04-08T03:32:26.238Z","v":0}
{"name":"hexo","hostname":"DESKTOP-Q5DN3VM","pid":10408,"level":20,"msg":"Processed: \u001b[35mlanguages/ru.yml\u001b[39m","time":"2017-04-08T03:32:26.238Z","v":0}
{"name":"hexo","hostname":"DESKTOP-Q5DN3VM","pid":10408,"level":20,"msg":"Processed: \u001b[35mlanguages/zh-Hans.yml\u001b[39m","time":"2017-04-08T03:32:26.238Z","v":0}
{"name":"hexo","hostname":"DESKTOP-Q5DN3VM","pid":10408,"level":20,"msg":"Processed: \u001b[35mlanguages/zh-hk.yml\u001b[39m","time":"2017-04-08T03:32:26.238Z","v":0}
{"name":"hexo","hostname":"DESKTOP-Q5DN3VM","pid":10408,"level":20,"msg":"Processed: \u001b[35mlanguages/zh-tw.yml\u001b[39m","time":"2017-04-08T03:32:26.238Z","v":0}
{"name":"hexo","hostname":"DESKTOP-Q5DN3VM","pid":10408,"level":20,"msg":"Processed: \u001b[35msource/js/src/affix.js\u001b[39m","time":"2017-04-08T03:32:26.285Z","v":0}
{"name":"hexo","hostname":"DESKTOP-Q5DN3VM","pid":10408,"level":20,"msg":"Processed: \u001b[35msource/js/src/algolia-search.js\u001b[39m","time":"2017-04-08T03:32:26.301Z","v":0}
{"name":"hexo","hostname":"DESKTOP-Q5DN3VM","pid":10408,"level":20,"msg":"Processed: \u001b[35msource/js/src/bootstrap.js\u001b[39m","time":"2017-04-08T03:32:26.301Z","v":0}
{"name":"hexo","hostname":"DESKTOP-Q5DN3VM","pid":10408,"level":20,"msg":"Processed: \u001b[35msource/js/src/exturl.js\u001b[39m","time":"2017-04-08T03:32:26.301Z","v":0}
{"name":"hexo","hostname":"DESKTOP-Q5DN3VM","pid":10408,"level":20,"msg":"Processed: \u001b[35msource/js/src/hook-duoshuo.js\u001b[39m","time":"2017-04-08T03:32:26.301Z","v":0}
{"name":"hexo","hostname":"DESKTOP-Q5DN3VM","pid":10408,"level":20,"msg":"Processed: \u001b[35msource/js/src/motion.js\u001b[39m","time":"2017-04-08T03:32:26.301Z","v":0}
{"name":"hexo","hostname":"DESKTOP-Q5DN3VM","pid":10408,"level":20,"msg":"Processed: \u001b[35msource/js/src/post-details.js\u001b[39m","time":"2017-04-08T03:32:26.301Z","v":0}
{"name":"hexo","hostname":"DESKTOP-Q5DN3VM","pid":10408,"level":20,"msg":"Processed: \u001b[35msource/js/src/scrollspy.js\u001b[39m","time":"2017-04-08T03:32:26.301Z","v":0}
{"name":"hexo","hostname":"DESKTOP-Q5DN3VM","pid":10408,"level":20,"msg":"Processed: \u001b[35msource/js/src/utils.js\u001b[39m","time":"2017-04-08T03:32:26.301Z","v":0}
{"name":"hexo","hostname":"DESKTOP-Q5DN3VM","pid":10408,"level":20,"msg":"Processed: \u001b[35msource/lib/algolia-instant-search/instantsearch.min.css\u001b[39m","time":"2017-04-08T03:32:26.301Z","v":0}
{"name":"hexo","hostname":"DESKTOP-Q5DN3VM","pid":10408,"level":20,"msg":"Processed: \u001b[35msource/lib/canvas-nest/canvas-nest.min.js\u001b[39m","time":"2017-04-08T03:32:26.301Z","v":0}
{"name":"hexo","hostname":"DESKTOP-Q5DN3VM","pid":10408,"level":20,"msg":"Processed: \u001b[35msource/lib/fastclick/LICENSE\u001b[39m","time":"2017-04-08T03:32:26.301Z","v":0}
{"name":"hexo","hostname":"DESKTOP-Q5DN3VM","pid":10408,"level":20,"msg":"Processed: \u001b[35msource/lib/fastclick/README.md\u001b[39m","time":"2017-04-08T03:32:26.301Z","v":0}
{"name":"hexo","hostname":"DESKTOP-Q5DN3VM","pid":10408,"level":20,"msg":"Processed: \u001b[35msource/lib/fastclick/bower.json\u001b[39m","time":"2017-04-08T03:32:26.301Z","v":0}
{"name":"hexo","hostname":"DESKTOP-Q5DN3VM","pid":10408,"level":20,"msg":"Processed: \u001b[35msource/lib/font-awesome/HELP-US-OUT.txt\u001b[39m","time":"2017-04-08T03:32:26.301Z","v":0}
{"name":"hexo","hostname":"DESKTOP-Q5DN3VM","pid":10408,"level":20,"msg":"Processed: \u001b[35msource/lib/font-awesome/bower.json\u001b[39m","time":"2017-04-08T03:32:26.301Z","v":0}
{"name":"hexo","hostname":"DESKTOP-Q5DN3VM","pid":10408,"level":20,"msg":"Processed: \u001b[35msource/lib/jquery_lazyload/CONTRIBUTING.md\u001b[39m","time":"2017-04-08T03:32:26.301Z","v":0}
{"name":"hexo","hostname":"DESKTOP-Q5DN3VM","pid":10408,"level":20,"msg":"Processed: \u001b[35msource/lib/jquery_lazyload/README.md\u001b[39m","time":"2017-04-08T03:32:26.301Z","v":0}
{"name":"hexo","hostname":"DESKTOP-Q5DN3VM","pid":10408,"level":20,"msg":"Processed: \u001b[35msource/lib/jquery_lazyload/bower.json\u001b[39m","time":"2017-04-08T03:32:26.301Z","v":0}
{"name":"hexo","hostname":"DESKTOP-Q5DN3VM","pid":10408,"level":20,"msg":"Processed: \u001b[35msource/lib/jquery_lazyload/jquery.lazyload.js\u001b[39m","time":"2017-04-08T03:32:26.316Z","v":0}
{"name":"hexo","hostname":"DESKTOP-Q5DN3VM","pid":10408,"level":20,"msg":"Processed: \u001b[35msource/lib/jquery_lazyload/jquery.scrollstop.js\u001b[39m","time":"2017-04-08T03:32:26.316Z","v":0}
{"name":"hexo","hostname":"DESKTOP-Q5DN3VM","pid":10408,"level":20,"msg":"Processed: \u001b[35msource/lib/three/three-waves.min.js\u001b[39m","time":"2017-04-08T03:32:26.316Z","v":0}
{"name":"hexo","hostname":"DESKTOP-Q5DN3VM","pid":10408,"level":20,"msg":"Processed: \u001b[35msource/lib/velocity/bower.json\u001b[39m","time":"2017-04-08T03:32:26.316Z","v":0}
{"name":"hexo","hostname":"DESKTOP-Q5DN3VM","pid":10408,"level":20,"msg":"Processed: \u001b[35msource/lib/velocity/velocity.min.js\u001b[39m","time":"2017-04-08T03:32:26.316Z","v":0}
{"name":"hexo","hostname":"DESKTOP-Q5DN3VM","pid":10408,"level":20,"msg":"Processed: \u001b[35msource/lib/velocity/velocity.ui.min.js\u001b[39m","time":"2017-04-08T03:32:26.316Z","v":0}
{"name":"hexo","hostname":"DESKTOP-Q5DN3VM","pid":10408,"level":20,"msg":"Processed: \u001b[35msource/lib/velocity/velocity.ui.js\u001b[39m","time":"2017-04-08T03:32:26.316Z","v":0}
{"name":"hexo","hostname":"DESKTOP-Q5DN3VM","pid":10408,"level":20,"msg":"Processed: \u001b[35mlayout/_custom/header.swig\u001b[39m","time":"2017-04-08T03:32:26.410Z","v":0}
{"name":"hexo","hostname":"DESKTOP-Q5DN3VM","pid":10408,"level":20,"msg":"Processed: \u001b[35mlayout/_custom/sidebar.swig\u001b[39m","time":"2017-04-08T03:32:26.410Z","v":0}
{"name":"hexo","hostname":"DESKTOP-Q5DN3VM","pid":10408,"level":20,"msg":"Processed: \u001b[35mlayout/_macro/post-copyright.swig\u001b[39m","time":"2017-04-08T03:32:26.410Z","v":0}
{"name":"hexo","hostname":"DESKTOP-Q5DN3VM","pid":10408,"level":20,"msg":"Processed: \u001b[35mlayout/_macro/post-collapse.swig\u001b[39m","time":"2017-04-08T03:32:26.410Z","v":0}
{"name":"hexo","hostname":"DESKTOP-Q5DN3VM","pid":10408,"level":20,"msg":"Processed: \u001b[35mlayout/_macro/post.swig\u001b[39m","time":"2017-04-08T03:32:26.410Z","v":0}
{"name":"hexo","hostname":"DESKTOP-Q5DN3VM","pid":10408,"level":20,"msg":"Processed: \u001b[35mlayout/_macro/reward.swig\u001b[39m","time":"2017-04-08T03:32:26.410Z","v":0}
{"name":"hexo","hostname":"DESKTOP-Q5DN3VM","pid":10408,"level":20,"msg":"Processed: \u001b[35mlayout/_macro/sidebar.swig\u001b[39m","time":"2017-04-08T03:32:26.410Z","v":0}
{"name":"hexo","hostname":"DESKTOP-Q5DN3VM","pid":10408,"level":20,"msg":"Processed: \u001b[35mlayout/_macro/wechat-subscriber.swig\u001b[39m","time":"2017-04-08T03:32:26.410Z","v":0}
{"name":"hexo","hostname":"DESKTOP-Q5DN3VM","pid":10408,"level":20,"msg":"Processed: \u001b[35mlayout/_partials/comments.swig\u001b[39m","time":"2017-04-08T03:32:26.410Z","v":0}
{"name":"hexo","hostname":"DESKTOP-Q5DN3VM","pid":10408,"level":20,"msg":"Processed: \u001b[35mlayout/_partials/footer.swig\u001b[39m","time":"2017-04-08T03:32:26.426Z","v":0}
{"name":"hexo","hostname":"DESKTOP-Q5DN3VM","pid":10408,"level":20,"msg":"Processed: \u001b[35mlayout/_partials/head.swig\u001b[39m","time":"2017-04-08T03:32:26.426Z","v":0}
{"name":"hexo","hostname":"DESKTOP-Q5DN3VM","pid":10408,"level":20,"msg":"Processed: \u001b[35mlayout/_partials/header.swig\u001b[39m","time":"2017-04-08T03:32:26.426Z","v":0}
{"name":"hexo","hostname":"DESKTOP-Q5DN3VM","pid":10408,"level":20,"msg":"Processed: \u001b[35mlayout/_partials/page-header.swig\u001b[39m","time":"2017-04-08T03:32:26.426Z","v":0}
{"name":"hexo","hostname":"DESKTOP-Q5DN3VM","pid":10408,"level":20,"msg":"Processed: \u001b[35mlayout/_partials/pagination.swig\u001b[39m","time":"2017-04-08T03:32:26.426Z","v":0}
{"name":"hexo","hostname":"DESKTOP-Q5DN3VM","pid":10408,"level":20,"msg":"Processed: \u001b[35mlayout/_partials/search.swig\u001b[39m","time":"2017-04-08T03:32:26.426Z","v":0}
{"name":"hexo","hostname":"DESKTOP-Q5DN3VM","pid":10408,"level":20,"msg":"Processed: \u001b[35mlayout/_scripts/commons.swig\u001b[39m","time":"2017-04-08T03:32:26.426Z","v":0}
{"name":"hexo","hostname":"DESKTOP-Q5DN3VM","pid":10408,"level":20,"msg":"Processed: \u001b[35mlayout/_scripts/boostrap.swig\u001b[39m","time":"2017-04-08T03:32:26.426Z","v":0}
{"name":"hexo","hostname":"DESKTOP-Q5DN3VM","pid":10408,"level":20,"msg":"Processed: \u001b[35mlayout/_scripts/vendors.swig\u001b[39m","time":"2017-04-08T03:32:26.426Z","v":0}
{"name":"hexo","hostname":"DESKTOP-Q5DN3VM","pid":10408,"level":20,"msg":"Processed: \u001b[35mlayout/_third-party/exturl.swig\u001b[39m","time":"2017-04-08T03:32:26.426Z","v":0}
{"name":"hexo","hostname":"DESKTOP-Q5DN3VM","pid":10408,"level":20,"msg":"Processed: \u001b[35mlayout/_third-party/duoshuo-hot-articles.swig\u001b[39m","time":"2017-04-08T03:32:26.426Z","v":0}
{"name":"hexo","hostname":"DESKTOP-Q5DN3VM","pid":10408,"level":20,"msg":"Processed: \u001b[35mlayout/_third-party/mathjax.swig\u001b[39m","time":"2017-04-08T03:32:26.426Z","v":0}
{"name":"hexo","hostname":"DESKTOP-Q5DN3VM","pid":10408,"level":20,"msg":"Processed: \u001b[35mlayout/_third-party/schedule.swig\u001b[39m","time":"2017-04-08T03:32:26.426Z","v":0}
{"name":"hexo","hostname":"DESKTOP-Q5DN3VM","pid":10408,"level":20,"msg":"Processed: \u001b[35msource/lib/jquery/index.js\u001b[39m","time":"2017-04-08T03:32:26.426Z","v":0}
{"name":"hexo","hostname":"DESKTOP-Q5DN3VM","pid":10408,"level":20,"msg":"Processed: \u001b[35mlayout/_scripts/schemes/mist.swig\u001b[39m","time":"2017-04-08T03:32:26.442Z","v":0}
{"name":"hexo","hostname":"DESKTOP-Q5DN3VM","pid":10408,"level":20,"msg":"Processed: \u001b[35mlayout/_scripts/schemes/muse.swig\u001b[39m","time":"2017-04-08T03:32:26.442Z","v":0}
{"name":"hexo","hostname":"DESKTOP-Q5DN3VM","pid":10408,"level":20,"msg":"Processed: \u001b[35msource/js/src/schemes/pisces.js\u001b[39m","time":"2017-04-08T03:32:26.442Z","v":0}
{"name":"hexo","hostname":"DESKTOP-Q5DN3VM","pid":10408,"level":20,"msg":"Processed: \u001b[35msource/lib/fancybox/source/fancybox_loading.gif\u001b[39m","time":"2017-04-08T03:32:26.442Z","v":0}
{"name":"hexo","hostname":"DESKTOP-Q5DN3VM","pid":10408,"level":20,"msg":"Processed: \u001b[35msource/lib/fancybox/source/blank.gif\u001b[39m","time":"2017-04-08T03:32:26.442Z","v":0}
{"name":"hexo","hostname":"DESKTOP-Q5DN3VM","pid":10408,"level":20,"msg":"Processed: \u001b[35msource/lib/fancybox/source/fancybox_loading@2x.gif\u001b[39m","time":"2017-04-08T03:32:26.442Z","v":0}
{"name":"hexo","hostname":"DESKTOP-Q5DN3VM","pid":10408,"level":20,"msg":"Processed: \u001b[35msource/lib/fancybox/source/fancybox_overlay.png\u001b[39m","time":"2017-04-08T03:32:26.442Z","v":0}
{"name":"hexo","hostname":"DESKTOP-Q5DN3VM","pid":10408,"level":20,"msg":"Processed: \u001b[35msource/lib/fancybox/source/fancybox_sprite.png\u001b[39m","time":"2017-04-08T03:32:26.457Z","v":0}
{"name":"hexo","hostname":"DESKTOP-Q5DN3VM","pid":10408,"level":20,"msg":"Processed: \u001b[35msource/lib/fancybox/source/fancybox_sprite@2x.png\u001b[39m","time":"2017-04-08T03:32:26.457Z","v":0}
{"name":"hexo","hostname":"DESKTOP-Q5DN3VM","pid":10408,"level":20,"msg":"Processed: \u001b[35msource/lib/fancybox/source/jquery.fancybox.css\u001b[39m","time":"2017-04-08T03:32:26.457Z","v":0}
{"name":"hexo","hostname":"DESKTOP-Q5DN3VM","pid":10408,"level":20,"msg":"Processed: \u001b[35msource/lib/fancybox/source/jquery.fancybox.js\u001b[39m","time":"2017-04-08T03:32:26.457Z","v":0}
{"name":"hexo","hostname":"DESKTOP-Q5DN3VM","pid":10408,"level":20,"msg":"Processed: \u001b[35msource/lib/fancybox/source/jquery.fancybox.pack.js\u001b[39m","time":"2017-04-08T03:32:26.457Z","v":0}
{"name":"hexo","hostname":"DESKTOP-Q5DN3VM","pid":10408,"level":20,"msg":"Processed: \u001b[35msource/lib/fastclick/lib/fastclick.js\u001b[39m","time":"2017-04-08T03:32:26.457Z","v":0}
{"name":"hexo","hostname":"DESKTOP-Q5DN3VM","pid":10408,"level":20,"msg":"Processed: \u001b[35msource/lib/fastclick/lib/fastclick.min.js\u001b[39m","time":"2017-04-08T03:32:26.457Z","v":0}
{"name":"hexo","hostname":"DESKTOP-Q5DN3VM","pid":10408,"level":20,"msg":"Processed: \u001b[35msource/lib/font-awesome/css/font-awesome.css\u001b[39m","time":"2017-04-08T03:32:26.457Z","v":0}
{"name":"hexo","hostname":"DESKTOP-Q5DN3VM","pid":10408,"level":20,"msg":"Processed: \u001b[35msource/lib/font-awesome/css/font-awesome.css.map\u001b[39m","time":"2017-04-08T03:32:26.469Z","v":0}
{"name":"hexo","hostname":"DESKTOP-Q5DN3VM","pid":10408,"level":20,"msg":"Processed: \u001b[35msource/lib/font-awesome/css/font-awesome.min.css\u001b[39m","time":"2017-04-08T03:32:26.470Z","v":0}
{"name":"hexo","hostname":"DESKTOP-Q5DN3VM","pid":10408,"level":20,"msg":"Processed: \u001b[35msource/lib/ua-parser-js/dist/ua-parser.min.js\u001b[39m","time":"2017-04-08T03:32:26.472Z","v":0}
{"name":"hexo","hostname":"DESKTOP-Q5DN3VM","pid":10408,"level":20,"msg":"Processed: \u001b[35msource/lib/ua-parser-js/dist/ua-parser.pack.js\u001b[39m","time":"2017-04-08T03:32:26.474Z","v":0}
{"name":"hexo","hostname":"DESKTOP-Q5DN3VM","pid":10408,"level":20,"msg":"Processed: \u001b[35mlayout/_partials/head/custom-head.swig\u001b[39m","time":"2017-04-08T03:32:26.512Z","v":0}
{"name":"hexo","hostname":"DESKTOP-Q5DN3VM","pid":10408,"level":20,"msg":"Processed: \u001b[35mlayout/_partials/head/external-fonts.swig\u001b[39m","time":"2017-04-08T03:32:26.512Z","v":0}
{"name":"hexo","hostname":"DESKTOP-Q5DN3VM","pid":10408,"level":20,"msg":"Processed: \u001b[35mlayout/_partials/search/localsearch.swig\u001b[39m","time":"2017-04-08T03:32:26.512Z","v":0}
{"name":"hexo","hostname":"DESKTOP-Q5DN3VM","pid":10408,"level":20,"msg":"Processed: \u001b[35mlayout/_partials/search/tinysou.swig\u001b[39m","time":"2017-04-08T03:32:26.512Z","v":0}
{"name":"hexo","hostname":"DESKTOP-Q5DN3VM","pid":10408,"level":20,"msg":"Processed: \u001b[35mlayout/_partials/search/swiftype.swig\u001b[39m","time":"2017-04-08T03:32:26.512Z","v":0}
{"name":"hexo","hostname":"DESKTOP-Q5DN3VM","pid":10408,"level":20,"msg":"Processed: \u001b[35mlayout/_partials/share/add-this.swig\u001b[39m","time":"2017-04-08T03:32:26.512Z","v":0}
{"name":"hexo","hostname":"DESKTOP-Q5DN3VM","pid":10408,"level":20,"msg":"Processed: \u001b[35mlayout/_partials/share/baidushare.swig\u001b[39m","time":"2017-04-08T03:32:26.512Z","v":0}
{"name":"hexo","hostname":"DESKTOP-Q5DN3VM","pid":10408,"level":20,"msg":"Processed: \u001b[35mlayout/_partials/share/duoshuo_share.swig\u001b[39m","time":"2017-04-08T03:32:26.512Z","v":0}
{"name":"hexo","hostname":"DESKTOP-Q5DN3VM","pid":10408,"level":20,"msg":"Processed: \u001b[35mlayout/_partials/share/jiathis.swig\u001b[39m","time":"2017-04-08T03:32:26.512Z","v":0}
{"name":"hexo","hostname":"DESKTOP-Q5DN3VM","pid":10408,"level":20,"msg":"Processed: \u001b[35mlayout/_scripts/pages/post-details.swig\u001b[39m","time":"2017-04-08T03:32:26.512Z","v":0}
{"name":"hexo","hostname":"DESKTOP-Q5DN3VM","pid":10408,"level":20,"msg":"Processed: \u001b[35mlayout/_scripts/schemes/pisces.swig\u001b[39m","time":"2017-04-08T03:32:26.512Z","v":0}
{"name":"hexo","hostname":"DESKTOP-Q5DN3VM","pid":10408,"level":20,"msg":"Processed: \u001b[35mlayout/_third-party/analytics/application-insights.swig\u001b[39m","time":"2017-04-08T03:32:26.527Z","v":0}
{"name":"hexo","hostname":"DESKTOP-Q5DN3VM","pid":10408,"level":20,"msg":"Processed: \u001b[35mlayout/_third-party/analytics/baidu-analytics.swig\u001b[39m","time":"2017-04-08T03:32:26.527Z","v":0}
{"name":"hexo","hostname":"DESKTOP-Q5DN3VM","pid":10408,"level":20,"msg":"Processed: \u001b[35mlayout/_third-party/analytics/busuanzi-counter.swig\u001b[39m","time":"2017-04-08T03:32:26.527Z","v":0}
{"name":"hexo","hostname":"DESKTOP-Q5DN3VM","pid":10408,"level":20,"msg":"Processed: \u001b[35mlayout/_third-party/analytics/cnzz-analytics.swig\u001b[39m","time":"2017-04-08T03:32:26.527Z","v":0}
{"name":"hexo","hostname":"DESKTOP-Q5DN3VM","pid":10408,"level":20,"msg":"Processed: \u001b[35mlayout/_third-party/analytics/facebook-sdk.swig\u001b[39m","time":"2017-04-08T03:32:26.527Z","v":0}
{"name":"hexo","hostname":"DESKTOP-Q5DN3VM","pid":10408,"level":20,"msg":"Processed: \u001b[35mlayout/_third-party/analytics/google-analytics.swig\u001b[39m","time":"2017-04-08T03:32:26.527Z","v":0}
{"name":"hexo","hostname":"DESKTOP-Q5DN3VM","pid":10408,"level":20,"msg":"Processed: \u001b[35mlayout/_third-party/analytics/index.swig\u001b[39m","time":"2017-04-08T03:32:26.527Z","v":0}
{"name":"hexo","hostname":"DESKTOP-Q5DN3VM","pid":10408,"level":20,"msg":"Processed: \u001b[35mlayout/_third-party/analytics/lean-analytics.swig\u001b[39m","time":"2017-04-08T03:32:26.527Z","v":0}
{"name":"hexo","hostname":"DESKTOP-Q5DN3VM","pid":10408,"level":20,"msg":"Processed: \u001b[35mlayout/_third-party/analytics/tencent-analytics.swig\u001b[39m","time":"2017-04-08T03:32:26.527Z","v":0}
{"name":"hexo","hostname":"DESKTOP-Q5DN3VM","pid":10408,"level":20,"msg":"Processed: \u001b[35mlayout/_third-party/analytics/tencent-mta.swig\u001b[39m","time":"2017-04-08T03:32:26.527Z","v":0}
{"name":"hexo","hostname":"DESKTOP-Q5DN3VM","pid":10408,"level":20,"msg":"Processed: \u001b[35mlayout/_third-party/analytics/vkontakte-api.swig\u001b[39m","time":"2017-04-08T03:32:26.527Z","v":0}
{"name":"hexo","hostname":"DESKTOP-Q5DN3VM","pid":10408,"level":20,"msg":"Processed: \u001b[35mlayout/_third-party/comments/changyan.swig\u001b[39m","time":"2017-04-08T03:32:26.527Z","v":0}
{"name":"hexo","hostname":"DESKTOP-Q5DN3VM","pid":10408,"level":20,"msg":"Processed: \u001b[35mlayout/_third-party/comments/disqus.swig\u001b[39m","time":"2017-04-08T03:32:26.527Z","v":0}
{"name":"hexo","hostname":"DESKTOP-Q5DN3VM","pid":10408,"level":20,"msg":"Processed: \u001b[35mlayout/_third-party/comments/duoshuo.swig\u001b[39m","time":"2017-04-08T03:32:26.527Z","v":0}
{"name":"hexo","hostname":"DESKTOP-Q5DN3VM","pid":10408,"level":20,"msg":"Processed: \u001b[35mlayout/_third-party/comments/gentie.swig\u001b[39m","time":"2017-04-08T03:32:26.527Z","v":0}
{"name":"hexo","hostname":"DESKTOP-Q5DN3VM","pid":10408,"level":20,"msg":"Processed: \u001b[35mlayout/_third-party/comments/hypercomments.swig\u001b[39m","time":"2017-04-08T03:32:26.527Z","v":0}
{"name":"hexo","hostname":"DESKTOP-Q5DN3VM","pid":10408,"level":20,"msg":"Processed: \u001b[35mlayout/_third-party/comments/index.swig\u001b[39m","time":"2017-04-08T03:32:26.527Z","v":0}
{"name":"hexo","hostname":"DESKTOP-Q5DN3VM","pid":10408,"level":20,"msg":"Processed: \u001b[35mlayout/_third-party/comments/livere.swig\u001b[39m","time":"2017-04-08T03:32:26.527Z","v":0}
{"name":"hexo","hostname":"DESKTOP-Q5DN3VM","pid":10408,"level":20,"msg":"Processed: \u001b[35mlayout/_third-party/comments/youyan.swig\u001b[39m","time":"2017-04-08T03:32:26.527Z","v":0}
{"name":"hexo","hostname":"DESKTOP-Q5DN3VM","pid":10408,"level":20,"msg":"Processed: \u001b[35mlayout/_third-party/search/index.swig\u001b[39m","time":"2017-04-08T03:32:26.527Z","v":0}
{"name":"hexo","hostname":"DESKTOP-Q5DN3VM","pid":10408,"level":20,"msg":"Processed: \u001b[35mlayout/_third-party/search/tinysou.swig\u001b[39m","time":"2017-04-08T03:32:26.527Z","v":0}
{"name":"hexo","hostname":"DESKTOP-Q5DN3VM","pid":10408,"level":20,"msg":"Processed: \u001b[35mlayout/_third-party/search/localsearch.swig\u001b[39m","time":"2017-04-08T03:32:26.527Z","v":0}
{"name":"hexo","hostname":"DESKTOP-Q5DN3VM","pid":10408,"level":20,"msg":"Processed: \u001b[35mlayout/_third-party/seo/baidu-push.swig\u001b[39m","time":"2017-04-08T03:32:26.527Z","v":0}
{"name":"hexo","hostname":"DESKTOP-Q5DN3VM","pid":10408,"level":20,"msg":"Processed: \u001b[35msource/lib/font-awesome/fonts/fontawesome-webfont.woff\u001b[39m","time":"2017-04-08T03:32:26.543Z","v":0}
{"name":"hexo","hostname":"DESKTOP-Q5DN3VM","pid":10408,"level":20,"msg":"Processed: \u001b[35msource/lib/font-awesome/fonts/fontawesome-webfont.woff2\u001b[39m","time":"2017-04-08T03:32:26.543Z","v":0}
{"name":"hexo","hostname":"DESKTOP-Q5DN3VM","pid":10408,"level":20,"msg":"Processed: \u001b[35msource/lib/velocity/velocity.js\u001b[39m","time":"2017-04-08T03:32:26.543Z","v":0}
{"name":"hexo","hostname":"DESKTOP-Q5DN3VM","pid":10408,"level":20,"msg":"Processed: \u001b[35msource/lib/fancybox/source/helpers/jquery.fancybox-buttons.css\u001b[39m","time":"2017-04-08T03:32:26.559Z","v":0}
{"name":"hexo","hostname":"DESKTOP-Q5DN3VM","pid":10408,"level":20,"msg":"Processed: \u001b[35msource/lib/fancybox/source/helpers/fancybox_buttons.png\u001b[39m","time":"2017-04-08T03:32:26.559Z","v":0}
{"name":"hexo","hostname":"DESKTOP-Q5DN3VM","pid":10408,"level":20,"msg":"Processed: \u001b[35msource/lib/fancybox/source/helpers/jquery.fancybox-buttons.js\u001b[39m","time":"2017-04-08T03:32:26.559Z","v":0}
{"name":"hexo","hostname":"DESKTOP-Q5DN3VM","pid":10408,"level":20,"msg":"Processed: \u001b[35msource/lib/fancybox/source/helpers/jquery.fancybox-media.js\u001b[39m","time":"2017-04-08T03:32:26.559Z","v":0}
{"name":"hexo","hostname":"DESKTOP-Q5DN3VM","pid":10408,"level":20,"msg":"Processed: \u001b[35msource/lib/fancybox/source/helpers/jquery.fancybox-thumbs.css\u001b[39m","time":"2017-04-08T03:32:26.559Z","v":0}
{"name":"hexo","hostname":"DESKTOP-Q5DN3VM","pid":10408,"level":20,"msg":"Processed: \u001b[35msource/lib/fancybox/source/helpers/jquery.fancybox-thumbs.js\u001b[39m","time":"2017-04-08T03:32:26.559Z","v":0}
{"name":"hexo","hostname":"DESKTOP-Q5DN3VM","pid":10408,"level":20,"msg":"Processed: \u001b[35msource/lib/font-awesome/fonts/FontAwesome.otf\u001b[39m","time":"2017-04-08T03:32:26.559Z","v":0}
{"name":"hexo","hostname":"DESKTOP-Q5DN3VM","pid":10408,"level":20,"msg":"Processed: \u001b[35msource/lib/font-awesome/fonts/fontawesome-webfont.eot\u001b[39m","time":"2017-04-08T03:32:26.559Z","v":0}
{"name":"hexo","hostname":"DESKTOP-Q5DN3VM","pid":10408,"level":20,"msg":"Processed: \u001b[35msource/lib/font-awesome/fonts/fontawesome-webfont.ttf\u001b[39m","time":"2017-04-08T03:32:26.559Z","v":0}
{"name":"hexo","hostname":"DESKTOP-Q5DN3VM","pid":10408,"level":20,"msg":"Processed: \u001b[35mlayout/_third-party/search/algolia-search/assets.swig\u001b[39m","time":"2017-04-08T03:32:26.574Z","v":0}
{"name":"hexo","hostname":"DESKTOP-Q5DN3VM","pid":10408,"level":20,"msg":"Processed: \u001b[35mlayout/_third-party/search/algolia-search/dom.swig\u001b[39m","time":"2017-04-08T03:32:26.574Z","v":0}
{"name":"hexo","hostname":"DESKTOP-Q5DN3VM","pid":10408,"level":20,"msg":"Processed: \u001b[35msource/lib/algolia-instant-search/instantsearch.min.js\u001b[39m","time":"2017-04-08T03:32:26.574Z","v":0}
{"name":"hexo","hostname":"DESKTOP-Q5DN3VM","pid":10408,"level":20,"msg":"Processed: \u001b[35msource/lib/three/three.min.js\u001b[39m","time":"2017-04-08T03:32:26.574Z","v":0}
{"name":"hexo","hostname":"DESKTOP-Q5DN3VM","pid":10408,"level":20,"msg":"Processed: \u001b[35msource/lib/font-awesome/fonts/fontawesome-webfont.svg\u001b[39m","time":"2017-04-08T03:32:26.574Z","v":0}
{"name":"hexo","hostname":"DESKTOP-Q5DN3VM","pid":10408,"level":20,"msg":"Generator: \u001b[35mpage\u001b[39m","time":"2017-04-08T03:32:27.152Z","v":0}
{"name":"hexo","hostname":"DESKTOP-Q5DN3VM","pid":10408,"level":20,"msg":"Generator: \u001b[35mpost\u001b[39m","time":"2017-04-08T03:32:27.152Z","v":0}
{"name":"hexo","hostname":"DESKTOP-Q5DN3VM","pid":10408,"level":20,"msg":"Generator: \u001b[35marchive\u001b[39m","time":"2017-04-08T03:32:27.152Z","v":0}
{"name":"hexo","hostname":"DESKTOP-Q5DN3VM","pid":10408,"level":20,"msg":"Generator: \u001b[35mcategory\u001b[39m","time":"2017-04-08T03:32:27.152Z","v":0}
{"name":"hexo","hostname":"DESKTOP-Q5DN3VM","pid":10408,"level":20,"msg":"Generator: \u001b[35mtag\u001b[39m","time":"2017-04-08T03:32:27.152Z","v":0}
{"name":"hexo","hostname":"DESKTOP-Q5DN3VM","pid":10408,"level":20,"msg":"Generator: \u001b[35mindex\u001b[39m","time":"2017-04-08T03:32:27.152Z","v":0}
{"name":"hexo","hostname":"DESKTOP-Q5DN3VM","pid":10408,"level":20,"msg":"Generator: \u001b[35masset\u001b[39m","time":"2017-04-08T03:32:27.168Z","v":0}
{"name":"hexo","hostname":"DESKTOP-Q5DN3VM","pid":10408,"level":30,"msg":"Hexo is running at \u001b[4mhttp://localhost:4000/\u001b[24m. Press Ctrl+C to stop.","time":"2017-04-08T03:32:27.199Z","v":0}
{"name":"hexo","hostname":"DESKTOP-Q5DN3VM","pid":10408,"level":20,"msg":"Database saved","time":"2017-04-08T03:32:27.246Z","v":0}
{"name":"hexo","hostname":"DESKTOP-Q5DN3VM","pid":10408,"level":20,"msg":"Rendering index: \u001b[35mindex.html\u001b[39m","time":"2017-04-08T03:32:34.519Z","v":0}
{"name":"hexo","hostname":"DESKTOP-Q5DN3VM","pid":10408,"level":20,"msg":"Rendering archive: \u001b[35marchives/index.html\u001b[39m","time":"2017-04-08T03:32:47.200Z","v":0}
{"name":"hexo","hostname":"DESKTOP-Q5DN3VM","pid":10408,"level":20,"msg":"Rendering post: \u001b[35m2017/04/07/hello-world/index.html\u001b[39m","time":"2017-04-08T03:32:50.528Z","v":0}
{"name":"hexo","hostname":"DESKTOP-Q5DN3VM","pid":10408,"level":20,"msg":"Theme config loaded.","time":"2017-04-08T03:34:40.638Z","v":0}
{"name":"hexo","hostname":"DESKTOP-Q5DN3VM","pid":10408,"level":20,"msg":"Processed: \u001b[35m_config.yml\u001b[39m","time":"2017-04-08T03:34:40.638Z","v":0}
{"name":"hexo","hostname":"DESKTOP-Q5DN3VM","pid":10408,"level":20,"msg":"Generator: \u001b[35mpage\u001b[39m","time":"2017-04-08T03:34:40.763Z","v":0}
{"name":"hexo","hostname":"DESKTOP-Q5DN3VM","pid":10408,"level":20,"msg":"Generator: \u001b[35mpost\u001b[39m","time":"2017-04-08T03:34:40.763Z","v":0}
{"name":"hexo","hostname":"DESKTOP-Q5DN3VM","pid":10408,"level":20,"msg":"Generator: \u001b[35marchive\u001b[39m","time":"2017-04-08T03:34:40.763Z","v":0}
{"name":"hexo","hostname":"DESKTOP-Q5DN3VM","pid":10408,"level":20,"msg":"Generator: \u001b[35mcategory\u001b[39m","time":"2017-04-08T03:34:40.763Z","v":0}
{"name":"hexo","hostname":"DESKTOP-Q5DN3VM","pid":10408,"level":20,"msg":"Generator: \u001b[35mtag\u001b[39m","time":"2017-04-08T03:34:40.763Z","v":0}
{"name":"hexo","hostname":"DESKTOP-Q5DN3VM","pid":10408,"level":20,"msg":"Generator: \u001b[35mindex\u001b[39m","time":"2017-04-08T03:34:40.763Z","v":0}
{"name":"hexo","hostname":"DESKTOP-Q5DN3VM","pid":10408,"level":20,"msg":"Generator: \u001b[35masset\u001b[39m","time":"2017-04-08T03:34:40.779Z","v":0}
{"name":"hexo","hostname":"DESKTOP-Q5DN3VM","pid":10408,"level":20,"msg":"Rendering index: \u001b[35mindex.html\u001b[39m","time":"2017-04-08T03:34:49.476Z","v":0}
{"name":"hexo","hostname":"DESKTOP-Q5DN3VM","pid":10408,"level":20,"msg":"Rendering index: \u001b[35mindex.html\u001b[39m","time":"2017-04-08T03:34:49.765Z","v":0}
{"name":"hexo","hostname":"DESKTOP-Q5DN3VM","pid":10408,"level":20,"msg":"Theme config loaded.","time":"2017-04-08T03:37:40.698Z","v":0}
{"name":"hexo","hostname":"DESKTOP-Q5DN3VM","pid":10408,"level":20,"msg":"Processed: \u001b[35m_config.yml\u001b[39m","time":"2017-04-08T03:37:40.698Z","v":0}
{"name":"hexo","hostname":"DESKTOP-Q5DN3VM","pid":10408,"level":20,"msg":"Generator: \u001b[35mpage\u001b[39m","time":"2017-04-08T03:37:40.839Z","v":0}
{"name":"hexo","hostname":"DESKTOP-Q5DN3VM","pid":10408,"level":20,"msg":"Generator: \u001b[35mpost\u001b[39m","time":"2017-04-08T03:37:40.839Z","v":0}
{"name":"hexo","hostname":"DESKTOP-Q5DN3VM","pid":10408,"level":20,"msg":"Generator: \u001b[35marchive\u001b[39m","time":"2017-04-08T03:37:40.839Z","v":0}
{"name":"hexo","hostname":"DESKTOP-Q5DN3VM","pid":10408,"level":20,"msg":"Generator: \u001b[35mcategory\u001b[39m","time":"2017-04-08T03:37:40.839Z","v":0}
{"name":"hexo","hostname":"DESKTOP-Q5DN3VM","pid":10408,"level":20,"msg":"Generator: \u001b[35mtag\u001b[39m","time":"2017-04-08T03:37:40.839Z","v":0}
{"name":"hexo","hostname":"DESKTOP-Q5DN3VM","pid":10408,"level":20,"msg":"Generator: \u001b[35mindex\u001b[39m","time":"2017-04-08T03:37:40.839Z","v":0}
{"name":"hexo","hostname":"DESKTOP-Q5DN3VM","pid":10408,"level":20,"msg":"Generator: \u001b[35masset\u001b[39m","time":"2017-04-08T03:37:40.839Z","v":0}
{"name":"hexo","hostname":"DESKTOP-Q5DN3VM","pid":10408,"level":20,"msg":"Rendering index: \u001b[35mindex.html\u001b[39m","time":"2017-04-08T03:37:54.973Z","v":0}
{"name":"hexo","hostname":"DESKTOP-Q5DN3VM","pid":10408,"level":20,"msg":"Rendering post: \u001b[35m2017/04/07/hello-world/index.html\u001b[39m","time":"2017-04-08T03:38:04.941Z","v":0}
{"name":"hexo","hostname":"DESKTOP-Q5DN3VM","pid":10408,"level":20,"msg":"Rendering index: \u001b[35mindex.html\u001b[39m","time":"2017-04-08T03:38:23.174Z","v":0}
{"name":"hexo","hostname":"DESKTOP-Q5DN3VM","pid":10408,"level":20,"msg":"Theme config loaded.","time":"2017-04-08T03:38:32.360Z","v":0}
{"name":"hexo","hostname":"DESKTOP-Q5DN3VM","pid":10408,"level":20,"msg":"Processed: \u001b[35m_config.yml\u001b[39m","time":"2017-04-08T03:38:32.363Z","v":0}
{"name":"hexo","hostname":"DESKTOP-Q5DN3VM","pid":10408,"level":20,"msg":"Generator: \u001b[35mpage\u001b[39m","time":"2017-04-08T03:38:32.483Z","v":0}
{"name":"hexo","hostname":"DESKTOP-Q5DN3VM","pid":10408,"level":20,"msg":"Generator: \u001b[35mpost\u001b[39m","time":"2017-04-08T03:38:32.484Z","v":0}
{"name":"hexo","hostname":"DESKTOP-Q5DN3VM","pid":10408,"level":20,"msg":"Generator: \u001b[35marchive\u001b[39m","time":"2017-04-08T03:38:32.485Z","v":0}
{"name":"hexo","hostname":"DESKTOP-Q5DN3VM","pid":10408,"level":20,"msg":"Generator: \u001b[35mcategory\u001b[39m","time":"2017-04-08T03:38:32.486Z","v":0}
{"name":"hexo","hostname":"DESKTOP-Q5DN3VM","pid":10408,"level":20,"msg":"Generator: \u001b[35mtag\u001b[39m","time":"2017-04-08T03:38:32.486Z","v":0}
{"name":"hexo","hostname":"DESKTOP-Q5DN3VM","pid":10408,"level":20,"msg":"Generator: \u001b[35mindex\u001b[39m","time":"2017-04-08T03:38:32.487Z","v":0}
{"name":"hexo","hostname":"DESKTOP-Q5DN3VM","pid":10408,"level":20,"msg":"Generator: \u001b[35masset\u001b[39m","time":"2017-04-08T03:38:32.489Z","v":0}
{"name":"hexo","hostname":"DESKTOP-Q5DN3VM","pid":10408,"level":20,"msg":"Rendering index: \u001b[35mindex.html\u001b[39m","time":"2017-04-08T03:40:20.622Z","v":0}
{"name":"hexo","hostname":"DESKTOP-Q5DN3VM","pid":10408,"level":20,"msg":"Generator: \u001b[35mpage\u001b[39m","time":"2017-04-08T03:40:46.646Z","v":0}
{"name":"hexo","hostname":"DESKTOP-Q5DN3VM","pid":10408,"level":20,"msg":"Generator: \u001b[35mpost\u001b[39m","time":"2017-04-08T03:40:46.648Z","v":0}
{"name":"hexo","hostname":"DESKTOP-Q5DN3VM","pid":10408,"level":20,"msg":"Generator: \u001b[35marchive\u001b[39m","time":"2017-04-08T03:40:46.649Z","v":0}
{"name":"hexo","hostname":"DESKTOP-Q5DN3VM","pid":10408,"level":20,"msg":"Generator: \u001b[35mcategory\u001b[39m","time":"2017-04-08T03:40:46.652Z","v":0}
{"name":"hexo","hostname":"DESKTOP-Q5DN3VM","pid":10408,"level":20,"msg":"Generator: \u001b[35mtag\u001b[39m","time":"2017-04-08T03:40:46.653Z","v":0}
{"name":"hexo","hostname":"DESKTOP-Q5DN3VM","pid":10408,"level":20,"msg":"Generator: \u001b[35mindex\u001b[39m","time":"2017-04-08T03:40:46.654Z","v":0}
{"name":"hexo","hostname":"DESKTOP-Q5DN3VM","pid":10408,"level":20,"msg":"Generator: \u001b[35masset\u001b[39m","time":"2017-04-08T03:40:46.670Z","v":0}
{"name":"hexo","hostname":"DESKTOP-Q5DN3VM","pid":10408,"level":20,"msg":"Generator: \u001b[35mpage\u001b[39m","time":"2017-04-08T03:43:51.463Z","v":0}
{"name":"hexo","hostname":"DESKTOP-Q5DN3VM","pid":10408,"level":20,"msg":"Generator: \u001b[35mpost\u001b[39m","time":"2017-04-08T03:43:51.465Z","v":0}
{"name":"hexo","hostname":"DESKTOP-Q5DN3VM","pid":10408,"level":20,"msg":"Generator: \u001b[35marchive\u001b[39m","time":"2017-04-08T03:43:51.467Z","v":0}
{"name":"hexo","hostname":"DESKTOP-Q5DN3VM","pid":10408,"level":20,"msg":"Generator: \u001b[35mcategory\u001b[39m","time":"2017-04-08T03:43:51.468Z","v":0}
{"name":"hexo","hostname":"DESKTOP-Q5DN3VM","pid":10408,"level":20,"msg":"Generator: \u001b[35mtag\u001b[39m","time":"2017-04-08T03:43:51.470Z","v":0}
{"name":"hexo","hostname":"DESKTOP-Q5DN3VM","pid":10408,"level":20,"msg":"Generator: \u001b[35mindex\u001b[39m","time":"2017-04-08T03:43:51.472Z","v":0}
{"name":"hexo","hostname":"DESKTOP-Q5DN3VM","pid":10408,"level":20,"msg":"Generator: \u001b[35masset\u001b[39m","time":"2017-04-08T03:43:51.481Z","v":0}
{"name":"hexo","hostname":"DESKTOP-Q5DN3VM","pid":10408,"level":20,"msg":"Generator: \u001b[35mpage\u001b[39m","time":"2017-04-08T03:44:03.909Z","v":0}
{"name":"hexo","hostname":"DESKTOP-Q5DN3VM","pid":10408,"level":20,"msg":"Generator: \u001b[35mpost\u001b[39m","time":"2017-04-08T03:44:03.911Z","v":0}
{"name":"hexo","hostname":"DESKTOP-Q5DN3VM","pid":10408,"level":20,"msg":"Generator: \u001b[35marchive\u001b[39m","time":"2017-04-08T03:44:03.911Z","v":0}
{"name":"hexo","hostname":"DESKTOP-Q5DN3VM","pid":10408,"level":20,"msg":"Generator: \u001b[35mcategory\u001b[39m","time":"2017-04-08T03:44:03.912Z","v":0}
{"name":"hexo","hostname":"DESKTOP-Q5DN3VM","pid":10408,"level":20,"msg":"Generator: \u001b[35mtag\u001b[39m","time":"2017-04-08T03:44:03.912Z","v":0}
{"name":"hexo","hostname":"DESKTOP-Q5DN3VM","pid":10408,"level":20,"msg":"Generator: \u001b[35mindex\u001b[39m","time":"2017-04-08T03:44:03.913Z","v":0}
{"name":"hexo","hostname":"DESKTOP-Q5DN3VM","pid":10408,"level":20,"msg":"Generator: \u001b[35masset\u001b[39m","time":"2017-04-08T03:44:03.915Z","v":0}
{"name":"hexo","hostname":"DESKTOP-Q5DN3VM","pid":10408,"level":20,"msg":"Rendering index: \u001b[35mindex.html\u001b[39m","time":"2017-04-08T03:44:11.541Z","v":0}
{"name":"hexo","hostname":"DESKTOP-Q5DN3VM","pid":10408,"level":20,"msg":"Generator: \u001b[35mpage\u001b[39m","time":"2017-04-08T03:46:33.414Z","v":0}
{"name":"hexo","hostname":"DESKTOP-Q5DN3VM","pid":10408,"level":20,"msg":"Generator: \u001b[35mpost\u001b[39m","time":"2017-04-08T03:46:33.415Z","v":0}
{"name":"hexo","hostname":"DESKTOP-Q5DN3VM","pid":10408,"level":20,"msg":"Generator: \u001b[35marchive\u001b[39m","time":"2017-04-08T03:46:33.416Z","v":0}
{"name":"hexo","hostname":"DESKTOP-Q5DN3VM","pid":10408,"level":20,"msg":"Generator: \u001b[35mcategory\u001b[39m","time":"2017-04-08T03:46:33.417Z","v":0}
{"name":"hexo","hostname":"DESKTOP-Q5DN3VM","pid":10408,"level":20,"msg":"Generator: \u001b[35mtag\u001b[39m","time":"2017-04-08T03:46:33.418Z","v":0}
{"name":"hexo","hostname":"DESKTOP-Q5DN3VM","pid":10408,"level":20,"msg":"Generator: \u001b[35mindex\u001b[39m","time":"2017-04-08T03:46:33.419Z","v":0}
{"name":"hexo","hostname":"DESKTOP-Q5DN3VM","pid":10408,"level":20,"msg":"Generator: \u001b[35masset\u001b[39m","time":"2017-04-08T03:46:33.421Z","v":0}
{"name":"hexo","hostname":"DESKTOP-Q5DN3VM","pid":10408,"level":20,"msg":"Generator: \u001b[35mpage\u001b[39m","time":"2017-04-08T03:47:24.168Z","v":0}
{"name":"hexo","hostname":"DESKTOP-Q5DN3VM","pid":10408,"level":20,"msg":"Generator: \u001b[35mpost\u001b[39m","time":"2017-04-08T03:47:24.170Z","v":0}
{"name":"hexo","hostname":"DESKTOP-Q5DN3VM","pid":10408,"level":20,"msg":"Generator: \u001b[35marchive\u001b[39m","time":"2017-04-08T03:47:24.171Z","v":0}
{"name":"hexo","hostname":"DESKTOP-Q5DN3VM","pid":10408,"level":20,"msg":"Generator: \u001b[35mcategory\u001b[39m","time":"2017-04-08T03:47:24.171Z","v":0}
{"name":"hexo","hostname":"DESKTOP-Q5DN3VM","pid":10408,"level":20,"msg":"Generator: \u001b[35mtag\u001b[39m","time":"2017-04-08T03:47:24.172Z","v":0}
{"name":"hexo","hostname":"DESKTOP-Q5DN3VM","pid":10408,"level":20,"msg":"Generator: \u001b[35mindex\u001b[39m","time":"2017-04-08T03:47:24.172Z","v":0}
{"name":"hexo","hostname":"DESKTOP-Q5DN3VM","pid":10408,"level":20,"msg":"Generator: \u001b[35masset\u001b[39m","time":"2017-04-08T03:47:24.175Z","v":0}
{"name":"hexo","hostname":"DESKTOP-Q5DN3VM","pid":10408,"level":20,"msg":"Rendering index: \u001b[35mindex.html\u001b[39m","time":"2017-04-08T03:47:32.772Z","v":0}
{"name":"hexo","hostname":"DESKTOP-Q5DN3VM","pid":10408,"level":20,"msg":"Generator: \u001b[35mpage\u001b[39m","time":"2017-04-08T03:48:22.932Z","v":0}
{"name":"hexo","hostname":"DESKTOP-Q5DN3VM","pid":10408,"level":20,"msg":"Generator: \u001b[35mpost\u001b[39m","time":"2017-04-08T03:48:22.933Z","v":0}
{"name":"hexo","hostname":"DESKTOP-Q5DN3VM","pid":10408,"level":20,"msg":"Generator: \u001b[35marchive\u001b[39m","time":"2017-04-08T03:48:22.933Z","v":0}
{"name":"hexo","hostname":"DESKTOP-Q5DN3VM","pid":10408,"level":20,"msg":"Generator: \u001b[35mcategory\u001b[39m","time":"2017-04-08T03:48:22.934Z","v":0}
{"name":"hexo","hostname":"DESKTOP-Q5DN3VM","pid":10408,"level":20,"msg":"Generator: \u001b[35mtag\u001b[39m","time":"2017-04-08T03:48:22.935Z","v":0}
{"name":"hexo","hostname":"DESKTOP-Q5DN3VM","pid":10408,"level":20,"msg":"Generator: \u001b[35mindex\u001b[39m","time":"2017-04-08T03:48:22.936Z","v":0}
{"name":"hexo","hostname":"DESKTOP-Q5DN3VM","pid":10408,"level":20,"msg":"Generator: \u001b[35masset\u001b[39m","time":"2017-04-08T03:48:22.940Z","v":0}
{"name":"hexo","hostname":"DESKTOP-Q5DN3VM","pid":10408,"level":20,"msg":"Rendering index: \u001b[35mindex.html\u001b[39m","time":"2017-04-08T03:48:27.950Z","v":0}
{"name":"hexo","hostname":"DESKTOP-Q5DN3VM","pid":10408,"level":20,"msg":"Generator: \u001b[35mpage\u001b[39m","time":"2017-04-08T03:50:45.097Z","v":0}
{"name":"hexo","hostname":"DESKTOP-Q5DN3VM","pid":10408,"level":20,"msg":"Generator: \u001b[35mpost\u001b[39m","time":"2017-04-08T03:50:45.098Z","v":0}
{"name":"hexo","hostname":"DESKTOP-Q5DN3VM","pid":10408,"level":20,"msg":"Generator: \u001b[35marchive\u001b[39m","time":"2017-04-08T03:50:45.099Z","v":0}
{"name":"hexo","hostname":"DESKTOP-Q5DN3VM","pid":10408,"level":20,"msg":"Generator: \u001b[35mcategory\u001b[39m","time":"2017-04-08T03:50:45.100Z","v":0}
{"name":"hexo","hostname":"DESKTOP-Q5DN3VM","pid":10408,"level":20,"msg":"Generator: \u001b[35mtag\u001b[39m","time":"2017-04-08T03:50:45.101Z","v":0}
{"name":"hexo","hostname":"DESKTOP-Q5DN3VM","pid":10408,"level":20,"msg":"Generator: \u001b[35mindex\u001b[39m","time":"2017-04-08T03:50:45.102Z","v":0}
{"name":"hexo","hostname":"DESKTOP-Q5DN3VM","pid":10408,"level":20,"msg":"Generator: \u001b[35masset\u001b[39m","time":"2017-04-08T03:50:45.108Z","v":0}
{"name":"hexo","hostname":"DESKTOP-Q5DN3VM","pid":10408,"level":20,"msg":"Rendering index: \u001b[35mindex.html\u001b[39m","time":"2017-04-08T03:50:53.291Z","v":0}
{"name":"hexo","hostname":"DESKTOP-Q5DN3VM","pid":10408,"level":20,"msg":"Generator: \u001b[35mpage\u001b[39m","time":"2017-04-08T03:51:19.122Z","v":0}
{"name":"hexo","hostname":"DESKTOP-Q5DN3VM","pid":10408,"level":20,"msg":"Generator: \u001b[35mpost\u001b[39m","time":"2017-04-08T03:51:19.125Z","v":0}
{"name":"hexo","hostname":"DESKTOP-Q5DN3VM","pid":10408,"level":20,"msg":"Generator: \u001b[35marchive\u001b[39m","time":"2017-04-08T03:51:19.126Z","v":0}
{"name":"hexo","hostname":"DESKTOP-Q5DN3VM","pid":10408,"level":20,"msg":"Generator: \u001b[35mcategory\u001b[39m","time":"2017-04-08T03:51:19.127Z","v":0}
{"name":"hexo","hostname":"DESKTOP-Q5DN3VM","pid":10408,"level":20,"msg":"Generator: \u001b[35mtag\u001b[39m","time":"2017-04-08T03:51:19.128Z","v":0}
{"name":"hexo","hostname":"DESKTOP-Q5DN3VM","pid":10408,"level":20,"msg":"Generator: \u001b[35mindex\u001b[39m","time":"2017-04-08T03:51:19.129Z","v":0}
{"name":"hexo","hostname":"DESKTOP-Q5DN3VM","pid":10408,"level":20,"msg":"Generator: \u001b[35masset\u001b[39m","time":"2017-04-08T03:51:19.133Z","v":0}
{"name":"hexo","hostname":"DESKTOP-Q5DN3VM","pid":10408,"level":20,"msg":"Rendering index: \u001b[35mindex.html\u001b[39m","time":"2017-04-08T03:51:39.664Z","v":0}
{"name":"hexo","hostname":"DESKTOP-Q5DN3VM","pid":10408,"level":20,"msg":"Generator: \u001b[35mpage\u001b[39m","time":"2017-04-08T03:53:00.156Z","v":0}
{"name":"hexo","hostname":"DESKTOP-Q5DN3VM","pid":10408,"level":20,"msg":"Generator: \u001b[35mpost\u001b[39m","time":"2017-04-08T03:53:00.157Z","v":0}
{"name":"hexo","hostname":"DESKTOP-Q5DN3VM","pid":10408,"level":20,"msg":"Generator: \u001b[35marchive\u001b[39m","time":"2017-04-08T03:53:00.158Z","v":0}
{"name":"hexo","hostname":"DESKTOP-Q5DN3VM","pid":10408,"level":20,"msg":"Generator: \u001b[35mcategory\u001b[39m","time":"2017-04-08T03:53:00.159Z","v":0}
{"name":"hexo","hostname":"DESKTOP-Q5DN3VM","pid":10408,"level":20,"msg":"Generator: \u001b[35mtag\u001b[39m","time":"2017-04-08T03:53:00.160Z","v":0}
{"name":"hexo","hostname":"DESKTOP-Q5DN3VM","pid":10408,"level":20,"msg":"Generator: \u001b[35mindex\u001b[39m","time":"2017-04-08T03:53:00.160Z","v":0}
{"name":"hexo","hostname":"DESKTOP-Q5DN3VM","pid":10408,"level":20,"msg":"Generator: \u001b[35masset\u001b[39m","time":"2017-04-08T03:53:00.165Z","v":0}
{"name":"hexo","hostname":"DESKTOP-Q5DN3VM","pid":10408,"level":20,"msg":"Rendering index: \u001b[35mindex.html\u001b[39m","time":"2017-04-08T03:53:03.640Z","v":0}
{"name":"hexo","hostname":"DESKTOP-Q5DN3VM","pid":10408,"level":20,"msg":"Generator: \u001b[35mpage\u001b[39m","time":"2017-04-08T03:53:31.979Z","v":0}
{"name":"hexo","hostname":"DESKTOP-Q5DN3VM","pid":10408,"level":20,"msg":"Generator: \u001b[35mpost\u001b[39m","time":"2017-04-08T03:53:31.980Z","v":0}
{"name":"hexo","hostname":"DESKTOP-Q5DN3VM","pid":10408,"level":20,"msg":"Generator: \u001b[35marchive\u001b[39m","time":"2017-04-08T03:53:31.981Z","v":0}
{"name":"hexo","hostname":"DESKTOP-Q5DN3VM","pid":10408,"level":20,"msg":"Generator: \u001b[35mcategory\u001b[39m","time":"2017-04-08T03:53:31.982Z","v":0}
{"name":"hexo","hostname":"DESKTOP-Q5DN3VM","pid":10408,"level":20,"msg":"Generator: \u001b[35mtag\u001b[39m","time":"2017-04-08T03:53:31.983Z","v":0}
{"name":"hexo","hostname":"DESKTOP-Q5DN3VM","pid":10408,"level":20,"msg":"Generator: \u001b[35mindex\u001b[39m","time":"2017-04-08T03:53:31.984Z","v":0}
{"name":"hexo","hostname":"DESKTOP-Q5DN3VM","pid":10408,"level":20,"msg":"Generator: \u001b[35masset\u001b[39m","time":"2017-04-08T03:53:31.992Z","v":0}
{"name":"hexo","hostname":"DESKTOP-Q5DN3VM","pid":10408,"level":20,"msg":"Rendering index: \u001b[35mindex.html\u001b[39m","time":"2017-04-08T03:53:36.130Z","v":0}
{"name":"hexo","hostname":"DESKTOP-Q5DN3VM","pid":10408,"level":20,"msg":"Generator: \u001b[35mpage\u001b[39m","time":"2017-04-08T03:53:50.220Z","v":0}
{"name":"hexo","hostname":"DESKTOP-Q5DN3VM","pid":10408,"level":20,"msg":"Generator: \u001b[35mpost\u001b[39m","time":"2017-04-08T03:53:50.228Z","v":0}
{"name":"hexo","hostname":"DESKTOP-Q5DN3VM","pid":10408,"level":20,"msg":"Generator: \u001b[35marchive\u001b[39m","time":"2017-04-08T03:53:50.237Z","v":0}
{"name":"hexo","hostname":"DESKTOP-Q5DN3VM","pid":10408,"level":20,"msg":"Generator: \u001b[35mcategory\u001b[39m","time":"2017-04-08T03:53:50.238Z","v":0}
{"name":"hexo","hostname":"DESKTOP-Q5DN3VM","pid":10408,"level":20,"msg":"Generator: \u001b[35mtag\u001b[39m","time":"2017-04-08T03:53:50.239Z","v":0}
{"name":"hexo","hostname":"DESKTOP-Q5DN3VM","pid":10408,"level":20,"msg":"Generator: \u001b[35mindex\u001b[39m","time":"2017-04-08T03:53:50.244Z","v":0}
{"name":"hexo","hostname":"DESKTOP-Q5DN3VM","pid":10408,"level":20,"msg":"Generator: \u001b[35masset\u001b[39m","time":"2017-04-08T03:53:50.265Z","v":0}
{"name":"hexo","hostname":"DESKTOP-Q5DN3VM","pid":10408,"level":20,"msg":"Generator: \u001b[35mpage\u001b[39m","time":"2017-04-08T03:54:29.976Z","v":0}
{"name":"hexo","hostname":"DESKTOP-Q5DN3VM","pid":10408,"level":20,"msg":"Generator: \u001b[35mpost\u001b[39m","time":"2017-04-08T03:54:29.983Z","v":0}
{"name":"hexo","hostname":"DESKTOP-Q5DN3VM","pid":10408,"level":20,"msg":"Generator: \u001b[35marchive\u001b[39m","time":"2017-04-08T03:54:29.984Z","v":0}
{"name":"hexo","hostname":"DESKTOP-Q5DN3VM","pid":10408,"level":20,"msg":"Generator: \u001b[35mcategory\u001b[39m","time":"2017-04-08T03:54:29.985Z","v":0}
{"name":"hexo","hostname":"DESKTOP-Q5DN3VM","pid":10408,"level":20,"msg":"Generator: \u001b[35mtag\u001b[39m","time":"2017-04-08T03:54:29.996Z","v":0}
{"name":"hexo","hostname":"DESKTOP-Q5DN3VM","pid":10408,"level":20,"msg":"Generator: \u001b[35mindex\u001b[39m","time":"2017-04-08T03:54:29.998Z","v":0}
{"name":"hexo","hostname":"DESKTOP-Q5DN3VM","pid":10408,"level":20,"msg":"Generator: \u001b[35masset\u001b[39m","time":"2017-04-08T03:54:30.004Z","v":0}
{"name":"hexo","hostname":"DESKTOP-Q5DN3VM","pid":10408,"level":20,"msg":"Rendering index: \u001b[35mindex.html\u001b[39m","time":"2017-04-08T03:54:33.120Z","v":0}
{"name":"hexo","hostname":"DESKTOP-Q5DN3VM","pid":10408,"level":20,"msg":"Generator: \u001b[35mpage\u001b[39m","time":"2017-04-08T03:54:52.386Z","v":0}
{"name":"hexo","hostname":"DESKTOP-Q5DN3VM","pid":10408,"level":20,"msg":"Generator: \u001b[35mpost\u001b[39m","time":"2017-04-08T03:54:52.399Z","v":0}
{"name":"hexo","hostname":"DESKTOP-Q5DN3VM","pid":10408,"level":20,"msg":"Generator: \u001b[35marchive\u001b[39m","time":"2017-04-08T03:54:52.417Z","v":0}
{"name":"hexo","hostname":"DESKTOP-Q5DN3VM","pid":10408,"level":20,"msg":"Generator: \u001b[35mcategory\u001b[39m","time":"2017-04-08T03:54:52.425Z","v":0}
{"name":"hexo","hostname":"DESKTOP-Q5DN3VM","pid":10408,"level":20,"msg":"Generator: \u001b[35mtag\u001b[39m","time":"2017-04-08T03:54:52.433Z","v":0}
{"name":"hexo","hostname":"DESKTOP-Q5DN3VM","pid":10408,"level":20,"msg":"Generator: \u001b[35mindex\u001b[39m","time":"2017-04-08T03:54:52.434Z","v":0}
{"name":"hexo","hostname":"DESKTOP-Q5DN3VM","pid":10408,"level":20,"msg":"Generator: \u001b[35masset\u001b[39m","time":"2017-04-08T03:54:52.457Z","v":0}
{"name":"hexo","hostname":"DESKTOP-Q5DN3VM","pid":10408,"level":20,"msg":"Generator: \u001b[35mpage\u001b[39m","time":"2017-04-08T03:55:44.034Z","v":0}
{"name":"hexo","hostname":"DESKTOP-Q5DN3VM","pid":10408,"level":20,"msg":"Generator: \u001b[35mpost\u001b[39m","time":"2017-04-08T03:55:44.036Z","v":0}
{"name":"hexo","hostname":"DESKTOP-Q5DN3VM","pid":10408,"level":20,"msg":"Generator: \u001b[35marchive\u001b[39m","time":"2017-04-08T03:55:44.036Z","v":0}
{"name":"hexo","hostname":"DESKTOP-Q5DN3VM","pid":10408,"level":20,"msg":"Generator: \u001b[35mcategory\u001b[39m","time":"2017-04-08T03:55:44.038Z","v":0}
{"name":"hexo","hostname":"DESKTOP-Q5DN3VM","pid":10408,"level":20,"msg":"Generator: \u001b[35mtag\u001b[39m","time":"2017-04-08T03:55:44.039Z","v":0}
{"name":"hexo","hostname":"DESKTOP-Q5DN3VM","pid":10408,"level":20,"msg":"Generator: \u001b[35mindex\u001b[39m","time":"2017-04-08T03:55:44.039Z","v":0}
{"name":"hexo","hostname":"DESKTOP-Q5DN3VM","pid":10408,"level":20,"msg":"Generator: \u001b[35masset\u001b[39m","time":"2017-04-08T03:55:44.042Z","v":0}
{"name":"hexo","hostname":"DESKTOP-Q5DN3VM","pid":10408,"level":20,"msg":"Rendering index: \u001b[35mindex.html\u001b[39m","time":"2017-04-08T03:55:46.954Z","v":0}
{"name":"hexo","hostname":"DESKTOP-Q5DN3VM","pid":10408,"level":20,"msg":"Generator: \u001b[35mpage\u001b[39m","time":"2017-04-08T03:57:14.768Z","v":0}
{"name":"hexo","hostname":"DESKTOP-Q5DN3VM","pid":10408,"level":20,"msg":"Generator: \u001b[35mpost\u001b[39m","time":"2017-04-08T03:57:14.821Z","v":0}
{"name":"hexo","hostname":"DESKTOP-Q5DN3VM","pid":10408,"level":20,"msg":"Generator: \u001b[35marchive\u001b[39m","time":"2017-04-08T03:57:14.837Z","v":0}
{"name":"hexo","hostname":"DESKTOP-Q5DN3VM","pid":10408,"level":20,"msg":"Generator: \u001b[35mcategory\u001b[39m","time":"2017-04-08T03:57:14.839Z","v":0}
{"name":"hexo","hostname":"DESKTOP-Q5DN3VM","pid":10408,"level":20,"msg":"Generator: \u001b[35mtag\u001b[39m","time":"2017-04-08T03:57:14.853Z","v":0}
{"name":"hexo","hostname":"DESKTOP-Q5DN3VM","pid":10408,"level":20,"msg":"Generator: \u001b[35mindex\u001b[39m","time":"2017-04-08T03:57:14.855Z","v":0}
{"name":"hexo","hostname":"DESKTOP-Q5DN3VM","pid":10408,"level":20,"msg":"Generator: \u001b[35masset\u001b[39m","time":"2017-04-08T03:57:14.912Z","v":0}
{"name":"hexo","hostname":"DESKTOP-Q5DN3VM","pid":10408,"level":20,"msg":"Generator: \u001b[35mpage\u001b[39m","time":"2017-04-08T03:57:15.236Z","v":0}
{"name":"hexo","hostname":"DESKTOP-Q5DN3VM","pid":10408,"level":20,"msg":"Generator: \u001b[35mpost\u001b[39m","time":"2017-04-08T03:57:15.238Z","v":0}
{"name":"hexo","hostname":"DESKTOP-Q5DN3VM","pid":10408,"level":20,"msg":"Generator: \u001b[35marchive\u001b[39m","time":"2017-04-08T03:57:15.239Z","v":0}
{"name":"hexo","hostname":"DESKTOP-Q5DN3VM","pid":10408,"level":20,"msg":"Generator: \u001b[35mcategory\u001b[39m","time":"2017-04-08T03:57:15.241Z","v":0}
{"name":"hexo","hostname":"DESKTOP-Q5DN3VM","pid":10408,"level":20,"msg":"Generator: \u001b[35mtag\u001b[39m","time":"2017-04-08T03:57:15.244Z","v":0}
{"name":"hexo","hostname":"DESKTOP-Q5DN3VM","pid":10408,"level":20,"msg":"Generator: \u001b[35mindex\u001b[39m","time":"2017-04-08T03:57:15.247Z","v":0}
{"name":"hexo","hostname":"DESKTOP-Q5DN3VM","pid":10408,"level":20,"msg":"Generator: \u001b[35masset\u001b[39m","time":"2017-04-08T03:57:15.264Z","v":0}
{"name":"hexo","hostname":"DESKTOP-Q5DN3VM","pid":10408,"level":20,"msg":"Generator: \u001b[35mpage\u001b[39m","time":"2017-04-08T03:57:15.551Z","v":0}
{"name":"hexo","hostname":"DESKTOP-Q5DN3VM","pid":10408,"level":20,"msg":"Generator: \u001b[35mpost\u001b[39m","time":"2017-04-08T03:57:15.604Z","v":0}
{"name":"hexo","hostname":"DESKTOP-Q5DN3VM","pid":10408,"level":20,"msg":"Generator: \u001b[35marchive\u001b[39m","time":"2017-04-08T03:57:15.607Z","v":0}
{"name":"hexo","hostname":"DESKTOP-Q5DN3VM","pid":10408,"level":20,"msg":"Generator: \u001b[35mcategory\u001b[39m","time":"2017-04-08T03:57:15.608Z","v":0}
{"name":"hexo","hostname":"DESKTOP-Q5DN3VM","pid":10408,"level":20,"msg":"Generator: \u001b[35mtag\u001b[39m","time":"2017-04-08T03:57:15.619Z","v":0}
{"name":"hexo","hostname":"DESKTOP-Q5DN3VM","pid":10408,"level":20,"msg":"Generator: \u001b[35mindex\u001b[39m","time":"2017-04-08T03:57:15.620Z","v":0}
{"name":"hexo","hostname":"DESKTOP-Q5DN3VM","pid":10408,"level":20,"msg":"Generator: \u001b[35masset\u001b[39m","time":"2017-04-08T03:57:15.639Z","v":0}
{"name":"hexo","hostname":"DESKTOP-Q5DN3VM","pid":10408,"level":20,"msg":"Generator: \u001b[35mpage\u001b[39m","time":"2017-04-08T03:57:29.684Z","v":0}
{"name":"hexo","hostname":"DESKTOP-Q5DN3VM","pid":10408,"level":20,"msg":"Generator: \u001b[35mpost\u001b[39m","time":"2017-04-08T03:57:29.685Z","v":0}
{"name":"hexo","hostname":"DESKTOP-Q5DN3VM","pid":10408,"level":20,"msg":"Generator: \u001b[35marchive\u001b[39m","time":"2017-04-08T03:57:29.687Z","v":0}
{"name":"hexo","hostname":"DESKTOP-Q5DN3VM","pid":10408,"level":20,"msg":"Generator: \u001b[35mcategory\u001b[39m","time":"2017-04-08T03:57:29.689Z","v":0}
{"name":"hexo","hostname":"DESKTOP-Q5DN3VM","pid":10408,"level":20,"msg":"Generator: \u001b[35mtag\u001b[39m","time":"2017-04-08T03:57:29.690Z","v":0}
{"name":"hexo","hostname":"DESKTOP-Q5DN3VM","pid":10408,"level":20,"msg":"Generator: \u001b[35mindex\u001b[39m","time":"2017-04-08T03:57:29.691Z","v":0}
{"name":"hexo","hostname":"DESKTOP-Q5DN3VM","pid":10408,"level":20,"msg":"Generator: \u001b[35masset\u001b[39m","time":"2017-04-08T03:57:29.693Z","v":0}
{"name":"hexo","hostname":"DESKTOP-Q5DN3VM","pid":10408,"level":30,"msg":"Farewell","time":"2017-04-08T03:57:35.899Z","v":0}
{"name":"hexo","hostname":"DESKTOP-Q5DN3VM","pid":10408,"level":20,"msg":"Database saved","time":"2017-04-08T03:57:35.929Z","v":0}
